<?xml version="1.0" encoding="UTF-8"?>
<!-- Generated by org.testng.reporters.JUnitReportReporter -->
<testsuite hostname="DESKTOP-MMOB49H" failures="0" tests="1" name="com.FaceBok.com.faceBook" time="83.824" errors="0" timestamp="2024-09-14T19:21:12 IST" skipped="0">
  <testcase classname="com.FaceBok.com.faceBook" name="createfacebook" time="83.824"/>
  <system-out>
    <![CDATA[facebook]]>
  </system-out>
</testsuite> <!-- com.FaceBok.com.faceBook -->
